0 info it worked if it ends with ok
1 verbose cli [ '/usr/bin/node',
1 verbose cli   '/usr/bin/npm',
1 verbose cli   'install',
1 verbose cli   'grunt-glsl-threejs',
1 verbose cli   '--save-dev' ]
2 info using npm@2.15.11
3 info using node@v4.7.3
4 verbose install initial load of /home/vlad/WAVE-Client-Renderer/package.json
5 warn package.json WAVE-Client-Renderer@0.6.0 No repository field.
6 warn package.json WAVE-Client-Renderer@0.6.0 No license field.
7 verbose installManyTop reading scoped package data from /home/vlad/WAVE-Client-Renderer/node_modules/grunt/package.json
8 verbose installManyTop reading scoped package data from /home/vlad/WAVE-Client-Renderer/node_modules/grunt-contrib-concat/package.json
9 verbose installManyTop reading scoped package data from /home/vlad/WAVE-Client-Renderer/node_modules/grunt-contrib-uglify/package.json
10 verbose installManyTop reading scoped package data from /home/vlad/WAVE-Client-Renderer/node_modules/grunt-contrib-watch/package.json
11 verbose readDependencies loading dependencies from /home/vlad/WAVE-Client-Renderer/package.json
12 silly cache add args [ 'grunt-glsl-threejs', null ]
13 verbose cache add spec grunt-glsl-threejs
14 silly cache add parsed spec Result {
14 silly cache add   raw: 'grunt-glsl-threejs',
14 silly cache add   scope: null,
14 silly cache add   name: 'grunt-glsl-threejs',
14 silly cache add   rawSpec: '',
14 silly cache add   spec: 'latest',
14 silly cache add   type: 'tag' }
15 silly addNamed grunt-glsl-threejs@latest
16 verbose addNamed "latest" is being treated as a dist-tag for grunt-glsl-threejs
17 info addNameTag [ 'grunt-glsl-threejs', 'latest' ]
18 silly mapToRegistry name grunt-glsl-threejs
19 silly mapToRegistry using default registry
20 silly mapToRegistry registry https://registry.npmjs.org/
21 silly mapToRegistry data Result {
21 silly mapToRegistry   raw: 'grunt-glsl-threejs',
21 silly mapToRegistry   scope: null,
21 silly mapToRegistry   name: 'grunt-glsl-threejs',
21 silly mapToRegistry   rawSpec: '',
21 silly mapToRegistry   spec: 'latest',
21 silly mapToRegistry   type: 'tag' }
22 silly mapToRegistry uri https://registry.npmjs.org/grunt-glsl-threejs
23 verbose addNameTag registry:https://registry.npmjs.org/grunt-glsl-threejs not in flight; fetching
24 verbose request uri https://registry.npmjs.org/grunt-glsl-threejs
25 verbose request no auth needed
26 info attempt registry request try #1 at 12:01:25 PM
27 verbose request id fdc3ecfa641433fd
28 verbose etag W/"53440029-3b9d"
29 verbose lastModified Tue, 08 Apr 2014 13:56:57 GMT
30 http request GET https://registry.npmjs.org/grunt-glsl-threejs
31 http 304 https://registry.npmjs.org/grunt-glsl-threejs
32 verbose headers { date: 'Wed, 02 Aug 2017 10:01:25 GMT',
32 verbose headers   via: '1.1 varnish',
32 verbose headers   'cache-control': 'max-age=300',
32 verbose headers   etag: 'W/"53440029-3b9d"',
32 verbose headers   age: '0',
32 verbose headers   connection: 'keep-alive',
32 verbose headers   'x-served-by': 'cache-hhn1530-HHN',
32 verbose headers   'x-cache': 'MISS',
32 verbose headers   'x-cache-hits': '0',
32 verbose headers   'x-timer': 'S1501668086.828262,VS0,VE141',
32 verbose headers   vary: 'Accept-Encoding, Accept' }
33 silly get cb [ 304,
33 silly get   { date: 'Wed, 02 Aug 2017 10:01:25 GMT',
33 silly get     via: '1.1 varnish',
33 silly get     'cache-control': 'max-age=300',
33 silly get     etag: 'W/"53440029-3b9d"',
33 silly get     age: '0',
33 silly get     connection: 'keep-alive',
33 silly get     'x-served-by': 'cache-hhn1530-HHN',
33 silly get     'x-cache': 'MISS',
33 silly get     'x-cache-hits': '0',
33 silly get     'x-timer': 'S1501668086.828262,VS0,VE141',
33 silly get     vary: 'Accept-Encoding, Accept' } ]
34 verbose etag https://registry.npmjs.org/grunt-glsl-threejs from cache
35 verbose get saving grunt-glsl-threejs to /home/vlad/.npm/registry.npmjs.org/grunt-glsl-threejs/.cache.json
36 verbose correctMkdir /home/vlad/.npm correctMkdir not in flight; initializing
37 silly addNameTag next cb for grunt-glsl-threejs with tag latest
38 silly addNamed grunt-glsl-threejs@0.1.4
39 verbose addNamed "0.1.4" is a plain semver version for grunt-glsl-threejs
40 silly cache afterAdd grunt-glsl-threejs@0.1.4
41 verbose afterAdd /home/vlad/.npm/grunt-glsl-threejs/0.1.4/package/package.json not in flight; writing
42 verbose correctMkdir /home/vlad/.npm correctMkdir not in flight; initializing
43 verbose afterAdd /home/vlad/.npm/grunt-glsl-threejs/0.1.4/package/package.json written
44 silly install resolved [ { name: 'grunt-glsl-threejs',
44 silly install resolved     description: 'A Grunt taks for wrapping GLSL Shader code in Javascript packages, ready to be used in Three.js',
44 silly install resolved     version: '0.1.4',
44 silly install resolved     homepage: 'https://github.com/unit9IT/grunt-glsl-threejs',
44 silly install resolved     author:
44 silly install resolved      { name: 'Daniele Pelagatti',
44 silly install resolved        email: 'daniele.pelagatti@unit9.com',
44 silly install resolved        url: 'http://www.danielepelagatti.com' },
44 silly install resolved     repository:
44 silly install resolved      { type: 'git',
44 silly install resolved        url: 'git://github.com/unit9IT/grunt-glsl-threejs.git' },
44 silly install resolved     bugs: { url: 'https://github.com/unit9IT/grunt-glsl-threejs/issues' },
44 silly install resolved     licenses: [ [Object] ],
44 silly install resolved     engines: { node: '>= 0.8.0' },
44 silly install resolved     scripts: { test: 'grunt test' },
44 silly install resolved     devDependencies:
44 silly install resolved      { 'grunt-contrib-jshint': '~0.10.0',
44 silly install resolved        'grunt-contrib-clean': '~0.5.0',
44 silly install resolved        'grunt-contrib-nodeunit': '~0.3.3',
44 silly install resolved        grunt: '~0.4.4',
44 silly install resolved        'grunt-contrib-coffee': '~0.10.1' },
44 silly install resolved     peerDependencies: { grunt: '~0.4.4' },
44 silly install resolved     keywords: [ 'gruntplugin' ],
44 silly install resolved     dependencies: {},
44 silly install resolved     _id: 'grunt-glsl-threejs@0.1.4',
44 silly install resolved     dist:
44 silly install resolved      { shasum: 'fab153a5aec04350b0d08ad507078ed12f232474',
44 silly install resolved        tarball: 'https://registry.npmjs.org/grunt-glsl-threejs/-/grunt-glsl-threejs-0.1.4.tgz' },
44 silly install resolved     _from: 'grunt-glsl-threejs@latest',
44 silly install resolved     _npmVersion: '1.3.24',
44 silly install resolved     _npmUser:
44 silly install resolved      { name: 'daniele.pelagatti',
44 silly install resolved        email: 'daniele.pelagatti@unit9.com' },
44 silly install resolved     maintainers: [ [Object] ],
44 silly install resolved     directories: {},
44 silly install resolved     _shasum: 'fab153a5aec04350b0d08ad507078ed12f232474',
44 silly install resolved     _resolved: 'https://registry.npmjs.org/grunt-glsl-threejs/-/grunt-glsl-threejs-0.1.4.tgz',
44 silly install resolved     readme: 'ERROR: No README data found!' } ]
45 info install grunt-glsl-threejs@0.1.4 into /home/vlad/WAVE-Client-Renderer
46 info installOne grunt-glsl-threejs@0.1.4
47 verbose installOne of grunt-glsl-threejs to /home/vlad/WAVE-Client-Renderer not in flight; installing
48 verbose correctMkdir /home/vlad/.npm/_locks correctMkdir not in flight; initializing
49 verbose lock using /home/vlad/.npm/_locks/grunt-glsl-threejs-b4edc65da6ab446e.lock for /home/vlad/WAVE-Client-Renderer/node_modules/grunt-glsl-threejs
50 silly install write writing grunt-glsl-threejs 0.1.4 to /home/vlad/WAVE-Client-Renderer/node_modules/grunt-glsl-threejs
51 verbose unbuild node_modules/grunt-glsl-threejs
52 silly gentlyRm /home/vlad/WAVE-Client-Renderer/node_modules/grunt-glsl-threejs is being purged from base /home/vlad/WAVE-Client-Renderer
53 verbose gentlyRm don't care about contents; nuking /home/vlad/WAVE-Client-Renderer/node_modules/grunt-glsl-threejs
54 verbose tar unpack /home/vlad/.npm/grunt-glsl-threejs/0.1.4/package.tgz
55 verbose tar unpacking to /home/vlad/WAVE-Client-Renderer/node_modules/grunt-glsl-threejs
56 silly gentlyRm /home/vlad/WAVE-Client-Renderer/node_modules/grunt-glsl-threejs is being purged
57 verbose gentlyRm don't care about contents; nuking /home/vlad/WAVE-Client-Renderer/node_modules/grunt-glsl-threejs
58 silly gunzTarPerm modes [ '755', '644' ]
59 silly gunzTarPerm extractEntry package.json
60 silly gunzTarPerm modified mode [ 'package.json', 438, 420 ]
61 silly gunzTarPerm extractEntry .npmignore
62 silly gunzTarPerm modified mode [ '.npmignore', 438, 420 ]
63 silly gunzTarPerm extractEntry README.md
64 silly gunzTarPerm modified mode [ 'README.md', 438, 420 ]
65 silly gunzTarPerm extractEntry Gruntfile.js
66 silly gunzTarPerm modified mode [ 'Gruntfile.js', 438, 420 ]
67 silly gunzTarPerm extractEntry LICENSE-MIT
68 silly gunzTarPerm modified mode [ 'LICENSE-MIT', 438, 420 ]
69 silly gunzTarPerm extractEntry .jshintrc
70 silly gunzTarPerm modified mode [ '.jshintrc', 438, 420 ]
71 silly gunzTarPerm extractEntry .travis.yml
72 silly gunzTarPerm modified mode [ '.travis.yml', 438, 420 ]
73 silly gunzTarPerm extractEntry grunt-glsl-threejs.sublime-project
74 silly gunzTarPerm modified mode [ 'grunt-glsl-threejs.sublime-project', 438, 420 ]
75 silly gunzTarPerm extractEntry grunt-glsl-threejs.sublime-workspace
76 silly gunzTarPerm modified mode [ 'grunt-glsl-threejs.sublime-workspace', 438, 420 ]
77 silly gunzTarPerm extractEntry src/glsl_threejs.coffee
78 silly gunzTarPerm modified mode [ 'src/glsl_threejs.coffee', 438, 420 ]
79 silly gunzTarPerm extractEntry tasks/glsl_threejs.js
80 silly gunzTarPerm modified mode [ 'tasks/glsl_threejs.js', 438, 420 ]
81 silly gunzTarPerm extractEntry test/glsl_threejs_test.js
82 silly gunzTarPerm modified mode [ 'test/glsl_threejs_test.js', 438, 420 ]
83 silly gunzTarPerm extractEntry test/expected/custom_options.js
84 silly gunzTarPerm modified mode [ 'test/expected/custom_options.js', 438, 420 ]
85 silly gunzTarPerm extractEntry test/expected/default_options.js
86 silly gunzTarPerm modified mode [ 'test/expected/default_options.js', 438, 420 ]
87 silly gunzTarPerm extractEntry test/fixtures/Simple1.frag
88 silly gunzTarPerm modified mode [ 'test/fixtures/Simple1.frag', 438, 420 ]
89 silly gunzTarPerm extractEntry test/fixtures/Simple1.vert
90 silly gunzTarPerm modified mode [ 'test/fixtures/Simple1.vert', 438, 420 ]
91 verbose write writing to /home/vlad/WAVE-Client-Renderer/node_modules/grunt-glsl-threejs/package.json
92 info preinstall grunt-glsl-threejs@0.1.4
93 verbose readDependencies loading dependencies from /home/vlad/WAVE-Client-Renderer/node_modules/grunt-glsl-threejs/package.json
94 silly prepareForInstallMany adding grunt@~0.4.4 from grunt-glsl-threejs peerDependencies
95 warn peerDependencies The peer dependency grunt@~0.4.4 included from grunt-glsl-threejs will no
96 warn peerDependencies longer be automatically installed to fulfill the peerDependency
97 warn peerDependencies in npm 3+. Your application will need to depend on it explicitly.
98 verbose readDependencies loading dependencies from /home/vlad/WAVE-Client-Renderer/node_modules/grunt-glsl-threejs/package.json
99 silly install resolved []
100 verbose about to build /home/vlad/WAVE-Client-Renderer/node_modules/grunt-glsl-threejs
101 info build /home/vlad/WAVE-Client-Renderer/node_modules/grunt-glsl-threejs
102 info linkStuff grunt-glsl-threejs@0.1.4
103 silly linkStuff grunt-glsl-threejs@0.1.4 has /home/vlad/WAVE-Client-Renderer/node_modules as its parent node_modules
104 verbose linkBins grunt-glsl-threejs@0.1.4
105 verbose linkMans grunt-glsl-threejs@0.1.4
106 verbose rebuildBundles grunt-glsl-threejs@0.1.4
107 info install grunt-glsl-threejs@0.1.4
108 info postinstall grunt-glsl-threejs@0.1.4
109 verbose readDependencies loading dependencies from /home/vlad/WAVE-Client-Renderer/package.json
110 verbose targetResolver reading package data from /home/vlad/WAVE-Client-Renderer/node_modules/grunt/package.json
111 verbose targetResolver reading package data from /home/vlad/WAVE-Client-Renderer/node_modules/grunt-contrib-concat/package.json
112 verbose targetResolver reading package data from /home/vlad/WAVE-Client-Renderer/node_modules/grunt-contrib-uglify/package.json
113 verbose targetResolver reading package data from /home/vlad/WAVE-Client-Renderer/node_modules/grunt-contrib-watch/package.json
114 verbose targetResolver reading package data from /home/vlad/WAVE-Client-Renderer/node_modules/grunt-glsl-threejs/package.json
115 verbose targetResolver reading package data from /home/vlad/WAVE-Client-Renderer/node_modules/.bin/grunt/package.json
116 verbose already installed skipping grunt@~0.4.4 /home/vlad/WAVE-Client-Renderer
117 silly install resolved []
118 verbose unlock done using /home/vlad/.npm/_locks/grunt-glsl-threejs-b4edc65da6ab446e.lock for /home/vlad/WAVE-Client-Renderer/node_modules/grunt-glsl-threejs
119 verbose validateInstall loading /home/vlad/WAVE-Client-Renderer/package.json for validation
120 verbose stack Error: The package grunt@1.0.1 does not satisfy its siblings' peerDependencies requirements!
120 verbose stack     at /usr/lib64/node_modules/npm/lib/install.js:125:32
120 verbose stack     at /usr/lib64/node_modules/npm/lib/install.js:268:7
120 verbose stack     at /usr/lib64/node_modules/npm/node_modules/read-installed/read-installed.js:142:5
120 verbose stack     at /usr/lib64/node_modules/npm/node_modules/read-installed/read-installed.js:263:14
120 verbose stack     at cb (/usr/lib64/node_modules/npm/node_modules/slide/lib/async-map.js:47:24)
120 verbose stack     at /usr/lib64/node_modules/npm/node_modules/read-installed/read-installed.js:263:14
120 verbose stack     at cb (/usr/lib64/node_modules/npm/node_modules/slide/lib/async-map.js:47:24)
120 verbose stack     at /usr/lib64/node_modules/npm/node_modules/read-installed/read-installed.js:263:14
120 verbose stack     at cb (/usr/lib64/node_modules/npm/node_modules/slide/lib/async-map.js:47:24)
120 verbose stack     at /usr/lib64/node_modules/npm/node_modules/read-installed/read-installed.js:263:14
121 verbose cwd /home/vlad/WAVE-Client-Renderer
122 error Linux 4.4.57-18.3-default
123 error argv "/usr/bin/node" "/usr/bin/npm" "install" "grunt-glsl-threejs" "--save-dev"
124 error node v4.7.3
125 error npm  v2.15.11
126 error code EPEERINVALID
127 error peerinvalid The package grunt@1.0.1 does not satisfy its siblings' peerDependencies requirements!
127 error peerinvalid Peer grunt-glsl-threejs@0.1.4 wants grunt@~0.4.4
127 error peerinvalid Peer grunt-contrib-concat@1.0.1 wants grunt@>=0.4.0
128 verbose exit [ 1, true ]
